<?xml version="1.0" encoding="UTF-8"?>
<coverage generated="1681542296286" clover="3.2.0">
  <project timestamp="1681542296287" name="All files">
    <metrics statements="19" coveredstatements="19" conditionals="5" coveredconditionals="5" methods="1" coveredmethods="1" elements="25" coveredelements="25" complexity="0" loc="19" ncloc="19" packages="1" files="1" classes="1"/>
    <file name="index.ts" path="/Users/waynecraig/Codes/openai-lambda/src/index.ts">
      <metrics statements="19" coveredstatements="19" conditionals="5" coveredconditionals="5" methods="1" coveredmethods="1"/>
      <line num="2" count="1" type="stmt"/>
      <line num="4" count="1" type="stmt"/>
      <line num="7" count="6" type="stmt"/>
      <line num="8" count="6" type="stmt"/>
      <line num="10" count="6" type="stmt"/>
      <line num="13" count="6" type="stmt"/>
      <line num="17" count="6" type="cond" truecount="5" falsecount="0"/>
      <line num="19" count="2" type="stmt"/>
      <line num="20" count="1" type="stmt"/>
      <line num="22" count="1" type="stmt"/>
      <line num="23" count="1" type="stmt"/>
      <line num="25" count="1" type="stmt"/>
      <line num="26" count="1" type="stmt"/>
      <line num="28" count="1" type="stmt"/>
      <line num="29" count="1" type="stmt"/>
      <line num="31" count="1" type="stmt"/>
      <line num="35" count="4" type="stmt"/>
      <line num="40" count="2" type="stmt"/>
      <line num="41" count="2" type="stmt"/>
    </file>
  </project>
</coverage>
